<?xml version="1.0" encoding="UTF-8"?>
<!-- Generated by org.testng.reporters.JUnitXMLReporter -->
<testsuite ignored="14" hostname="DESKTOP-VTBANGG" failures="0" tests="16" name="Default test" time="0.127" errors="0" timestamp="2022-07-14T16:53:19 GST">
  <testcase classname="com.obs.tests.AddCategoryTest" name="@BeforeMethod setup" time="-1.657803199799E9">
    <failure type="org.testng.TestNGException" message="
Parameter &amp;apos;browserType&amp;apos; is required by BeforeMethod on method setup but has not been marked @Optional or defined
in C:\Users\HOME\AppData\Local\Temp\testng-eclipse--1664124065\testng-customsuite.xml">
      <![CDATA[org.testng.TestNGException: 
Parameter 'browserType' is required by BeforeMethod on method setup but has not been marked @Optional or defined
in C:\Users\HOME\AppData\Local\Temp\testng-eclipse--1664124065\testng-customsuite.xml
at org.testng.internal.Parameters.createParams(Parameters.java:270)
at org.testng.internal.Parameters.createParametersForMethod(Parameters.java:358)
at org.testng.internal.Parameters.createParameters(Parameters.java:700)
at org.testng.internal.Parameters.createConfigurationParameters(Parameters.java:168)
at org.testng.internal.ConfigInvoker.invokeConfigurations(ConfigInvoker.java:302)
at org.testng.internal.TestInvoker.runConfigMethods(TestInvoker.java:700)
at org.testng.internal.TestInvoker.invokeMethod(TestInvoker.java:527)
at org.testng.internal.TestInvoker.invokeTestMethod(TestInvoker.java:173)
at org.testng.internal.MethodRunner.runInSequence(MethodRunner.java:46)
at org.testng.internal.TestInvoker$MethodInvocationAgent.invoke(TestInvoker.java:824)
at org.testng.internal.TestInvoker.invokeTestMethods(TestInvoker.java:146)
at org.testng.internal.TestMethodWorker.invokeTestMethods(TestMethodWorker.java:146)
at org.testng.internal.TestMethodWorker.run(TestMethodWorker.java:128)
at java.base/java.util.ArrayList.forEach(ArrayList.java:1511)
at org.testng.TestRunner.privateRun(TestRunner.java:794)
at org.testng.TestRunner.run(TestRunner.java:596)
at org.testng.SuiteRunner.runTest(SuiteRunner.java:377)
at org.testng.SuiteRunner.runSequentially(SuiteRunner.java:371)
at org.testng.SuiteRunner.privateRun(SuiteRunner.java:332)
at org.testng.SuiteRunner.run(SuiteRunner.java:276)
at org.testng.SuiteRunnerWorker.runSuite(SuiteRunnerWorker.java:53)
at org.testng.SuiteRunnerWorker.run(SuiteRunnerWorker.java:96)
at org.testng.TestNG.runSuitesSequentially(TestNG.java:1212)
at org.testng.TestNG.runSuitesLocally(TestNG.java:1134)
at org.testng.TestNG.runSuites(TestNG.java:1063)
at org.testng.TestNG.run(TestNG.java:1031)
at org.testng.remote.AbstractRemoteTestNG.run(AbstractRemoteTestNG.java:115)
at org.testng.remote.RemoteTestNG.initAndRun(RemoteTestNG.java:251)
at org.testng.remote.RemoteTestNG.main(RemoteTestNG.java:77)
]]>
    </failure>
  </testcase> <!-- @BeforeMethod setup -->
  <testcase classname="com.obs.tests.AddCategoryTest" name="@AfterMethod quitBrowser" time="-1.657803199812E9">
    <skipped/>
  </testcase> <!-- @AfterMethod quitBrowser -->
  <testcase classname="com.obs.base.AutomationBase" name="@AfterMethod takeScreenShotOnFailure" time="-1.657803199813E9">
    <skipped/>
  </testcase> <!-- @AfterMethod takeScreenShotOnFailure -->
  <testcase classname="com.obs.tests.AddCategoryTest" name="@BeforeMethod setup" time="-1.657803199817E9">
    <skipped/>
  </testcase> <!-- @BeforeMethod setup -->
  <testcase classname="com.obs.tests.AddCategoryTest" name="@AfterMethod quitBrowser" time="-1.657803199822E9">
    <skipped/>
  </testcase> <!-- @AfterMethod quitBrowser -->
  <testcase classname="com.obs.base.AutomationBase" name="@AfterMethod takeScreenShotOnFailure" time="-1.657803199823E9">
    <skipped/>
  </testcase> <!-- @AfterMethod takeScreenShotOnFailure -->
  <testcase classname="com.obs.tests.AddCategoryTest" name="@BeforeMethod setup" time="-1.657803199824E9">
    <skipped/>
  </testcase> <!-- @BeforeMethod setup -->
  <testcase classname="com.obs.tests.AddCategoryTest" name="@AfterMethod quitBrowser" time="-1.657803199828E9">
    <skipped/>
  </testcase> <!-- @AfterMethod quitBrowser -->
  <testcase classname="com.obs.base.AutomationBase" name="@AfterMethod takeScreenShotOnFailure" time="-1.657803199828E9">
    <skipped/>
  </testcase> <!-- @AfterMethod takeScreenShotOnFailure -->
  <testcase classname="com.obs.tests.CafteriaHomepageTest" name="@BeforeMethod setup" time="-1.657803199829E9">
    <failure type="org.testng.TestNGException" message="
Parameter &amp;apos;browserType&amp;apos; is required by BeforeMethod on method setup but has not been marked @Optional or defined
in C:\Users\HOME\AppData\Local\Temp\testng-eclipse--1664124065\testng-customsuite.xml">
      <![CDATA[org.testng.TestNGException: 
Parameter 'browserType' is required by BeforeMethod on method setup but has not been marked @Optional or defined
in C:\Users\HOME\AppData\Local\Temp\testng-eclipse--1664124065\testng-customsuite.xml
at org.testng.internal.Parameters.createParams(Parameters.java:270)
at org.testng.internal.Parameters.createParametersForMethod(Parameters.java:358)
at org.testng.internal.Parameters.createParameters(Parameters.java:700)
at org.testng.internal.Parameters.createConfigurationParameters(Parameters.java:168)
at org.testng.internal.ConfigInvoker.invokeConfigurations(ConfigInvoker.java:302)
at org.testng.internal.TestInvoker.runConfigMethods(TestInvoker.java:700)
at org.testng.internal.TestInvoker.invokeMethod(TestInvoker.java:527)
at org.testng.internal.TestInvoker.invokeTestMethod(TestInvoker.java:173)
at org.testng.internal.MethodRunner.runInSequence(MethodRunner.java:46)
at org.testng.internal.TestInvoker$MethodInvocationAgent.invoke(TestInvoker.java:824)
at org.testng.internal.TestInvoker.invokeTestMethods(TestInvoker.java:146)
at org.testng.internal.TestMethodWorker.invokeTestMethods(TestMethodWorker.java:146)
at org.testng.internal.TestMethodWorker.run(TestMethodWorker.java:128)
at java.base/java.util.ArrayList.forEach(ArrayList.java:1511)
at org.testng.TestRunner.privateRun(TestRunner.java:794)
at org.testng.TestRunner.run(TestRunner.java:596)
at org.testng.SuiteRunner.runTest(SuiteRunner.java:377)
at org.testng.SuiteRunner.runSequentially(SuiteRunner.java:371)
at org.testng.SuiteRunner.privateRun(SuiteRunner.java:332)
at org.testng.SuiteRunner.run(SuiteRunner.java:276)
at org.testng.SuiteRunnerWorker.runSuite(SuiteRunnerWorker.java:53)
at org.testng.SuiteRunnerWorker.run(SuiteRunnerWorker.java:96)
at org.testng.TestNG.runSuitesSequentially(TestNG.java:1212)
at org.testng.TestNG.runSuitesLocally(TestNG.java:1134)
at org.testng.TestNG.runSuites(TestNG.java:1063)
at org.testng.TestNG.run(TestNG.java:1031)
at org.testng.remote.AbstractRemoteTestNG.run(AbstractRemoteTestNG.java:115)
at org.testng.remote.RemoteTestNG.initAndRun(RemoteTestNG.java:251)
at org.testng.remote.RemoteTestNG.main(RemoteTestNG.java:77)
]]>
    </failure>
  </testcase> <!-- @BeforeMethod setup -->
  <testcase classname="com.obs.tests.CafteriaHomepageTest" name="@AfterMethod quitBrowser" time="-1.657803199833E9">
    <skipped/>
  </testcase> <!-- @AfterMethod quitBrowser -->
  <testcase classname="com.obs.base.AutomationBase" name="@AfterMethod takeScreenShotOnFailure" time="-1.657803199834E9">
    <skipped/>
  </testcase> <!-- @AfterMethod takeScreenShotOnFailure -->
  <testcase classname="com.obs.tests.CafteriaHomepageTest" name="@BeforeMethod setup" time="-1.657803199836E9">
    <skipped/>
  </testcase> <!-- @BeforeMethod setup -->
  <testcase classname="com.obs.tests.CafteriaHomepageTest" name="@AfterMethod quitBrowser" time="-1.65780319984E9">
    <skipped/>
  </testcase> <!-- @AfterMethod quitBrowser -->
  <testcase classname="com.obs.base.AutomationBase" name="@AfterMethod takeScreenShotOnFailure" time="-1.657803199841E9">
    <skipped/>
  </testcase> <!-- @AfterMethod takeScreenShotOnFailure -->
  <testcase classname="com.obs.tests.CafteriaHomepageTest" name="@BeforeMethod setup" time="-1.657803199843E9">
    <skipped/>
  </testcase> <!-- @BeforeMethod setup -->
  <testcase classname="com.obs.tests.CafteriaHomepageTest" name="@AfterMethod quitBrowser" time="-1.657803199846E9">
    <skipped/>
  </testcase> <!-- @AfterMethod quitBrowser -->
  <testcase classname="com.obs.base.AutomationBase" name="@AfterMethod takeScreenShotOnFailure" time="-1.657803199847E9">
    <skipped/>
  </testcase> <!-- @AfterMethod takeScreenShotOnFailure -->
  <testcase classname="com.obs.tests.CafteriaHomepageTest" name="@BeforeMethod setup" time="-1.657803199848E9">
    <skipped/>
  </testcase> <!-- @BeforeMethod setup -->
  <testcase classname="com.obs.tests.CafteriaHomepageTest" name="@AfterMethod quitBrowser" time="-1.657803199851E9">
    <skipped/>
  </testcase> <!-- @AfterMethod quitBrowser -->
  <testcase classname="com.obs.base.AutomationBase" name="@AfterMethod takeScreenShotOnFailure" time="-1.657803199852E9">
    <skipped/>
  </testcase> <!-- @AfterMethod takeScreenShotOnFailure -->
  <testcase classname="com.obs.tests.CafteriaHomepageTest" name="@BeforeMethod setup" time="-1.657803199854E9">
    <skipped/>
  </testcase> <!-- @BeforeMethod setup -->
  <testcase classname="com.obs.tests.CafteriaHomepageTest" name="@AfterMethod quitBrowser" time="-1.657803199858E9">
    <skipped/>
  </testcase> <!-- @AfterMethod quitBrowser -->
  <testcase classname="com.obs.base.AutomationBase" name="@AfterMethod takeScreenShotOnFailure" time="-1.657803199858E9">
    <skipped/>
  </testcase> <!-- @AfterMethod takeScreenShotOnFailure -->
  <testcase classname="com.obs.tests.CafteriaHomepageTest" name="@BeforeMethod setup" time="-1.65780319986E9">
    <skipped/>
  </testcase> <!-- @BeforeMethod setup -->
  <testcase classname="com.obs.tests.CafteriaHomepageTest" name="@AfterMethod quitBrowser" time="-1.657803199862E9">
    <skipped/>
  </testcase> <!-- @AfterMethod quitBrowser -->
  <testcase classname="com.obs.base.AutomationBase" name="@AfterMethod takeScreenShotOnFailure" time="-1.657803199863E9">
    <skipped/>
  </testcase> <!-- @AfterMethod takeScreenShotOnFailure -->
  <testcase classname="com.obs.tests.CafteriaHomepageTest" name="@BeforeMethod setup" time="-1.657803199865E9">
    <skipped/>
  </testcase> <!-- @BeforeMethod setup -->
  <testcase classname="com.obs.tests.CafteriaHomepageTest" name="@AfterMethod quitBrowser" time="-1.657803199868E9">
    <skipped/>
  </testcase> <!-- @AfterMethod quitBrowser -->
  <testcase classname="com.obs.base.AutomationBase" name="@AfterMethod takeScreenShotOnFailure" time="-1.657803199869E9">
    <skipped/>
  </testcase> <!-- @AfterMethod takeScreenShotOnFailure -->
  <testcase classname="com.obs.tests.CafteriaLoginTest" name="@BeforeMethod setup" time="-1.657803199871E9">
    <failure type="org.testng.TestNGException" message="
Parameter &amp;apos;browserType&amp;apos; is required by BeforeMethod on method setup but has not been marked @Optional or defined
in C:\Users\HOME\AppData\Local\Temp\testng-eclipse--1664124065\testng-customsuite.xml">
      <![CDATA[org.testng.TestNGException: 
Parameter 'browserType' is required by BeforeMethod on method setup but has not been marked @Optional or defined
in C:\Users\HOME\AppData\Local\Temp\testng-eclipse--1664124065\testng-customsuite.xml
at org.testng.internal.Parameters.createParams(Parameters.java:270)
at org.testng.internal.Parameters.createParametersForMethod(Parameters.java:358)
at org.testng.internal.Parameters.createParameters(Parameters.java:700)
at org.testng.internal.Parameters.createConfigurationParameters(Parameters.java:168)
at org.testng.internal.ConfigInvoker.invokeConfigurations(ConfigInvoker.java:302)
at org.testng.internal.TestInvoker.runConfigMethods(TestInvoker.java:700)
at org.testng.internal.TestInvoker.invokeMethod(TestInvoker.java:527)
at org.testng.internal.TestInvoker.invokeTestMethod(TestInvoker.java:173)
at org.testng.internal.MethodRunner.runInSequence(MethodRunner.java:46)
at org.testng.internal.TestInvoker$MethodInvocationAgent.invoke(TestInvoker.java:824)
at org.testng.internal.TestInvoker.invokeTestMethods(TestInvoker.java:146)
at org.testng.internal.TestMethodWorker.invokeTestMethods(TestMethodWorker.java:146)
at org.testng.internal.TestMethodWorker.run(TestMethodWorker.java:128)
at java.base/java.util.ArrayList.forEach(ArrayList.java:1511)
at org.testng.TestRunner.privateRun(TestRunner.java:794)
at org.testng.TestRunner.run(TestRunner.java:596)
at org.testng.SuiteRunner.runTest(SuiteRunner.java:377)
at org.testng.SuiteRunner.runSequentially(SuiteRunner.java:371)
at org.testng.SuiteRunner.privateRun(SuiteRunner.java:332)
at org.testng.SuiteRunner.run(SuiteRunner.java:276)
at org.testng.SuiteRunnerWorker.runSuite(SuiteRunnerWorker.java:53)
at org.testng.SuiteRunnerWorker.run(SuiteRunnerWorker.java:96)
at org.testng.TestNG.runSuitesSequentially(TestNG.java:1212)
at org.testng.TestNG.runSuitesLocally(TestNG.java:1134)
at org.testng.TestNG.runSuites(TestNG.java:1063)
at org.testng.TestNG.run(TestNG.java:1031)
at org.testng.remote.AbstractRemoteTestNG.run(AbstractRemoteTestNG.java:115)
at org.testng.remote.RemoteTestNG.initAndRun(RemoteTestNG.java:251)
at org.testng.remote.RemoteTestNG.main(RemoteTestNG.java:77)
]]>
    </failure>
  </testcase> <!-- @BeforeMethod setup -->
  <testcase classname="com.obs.tests.CafteriaLoginTest" name="@AfterMethod quitBrowser" time="-1.657803199874E9">
    <skipped/>
  </testcase> <!-- @AfterMethod quitBrowser -->
  <testcase classname="com.obs.base.AutomationBase" name="@AfterMethod takeScreenShotOnFailure" time="-1.657803199875E9">
    <skipped/>
  </testcase> <!-- @AfterMethod takeScreenShotOnFailure -->
  <testcase classname="com.obs.tests.CafteriaLoginTest" name="@BeforeMethod setup" time="-1.657803199876E9">
    <skipped/>
  </testcase> <!-- @BeforeMethod setup -->
  <testcase classname="com.obs.tests.CafteriaLoginTest" name="@AfterMethod quitBrowser" time="-1.657803199879E9">
    <skipped/>
  </testcase> <!-- @AfterMethod quitBrowser -->
  <testcase classname="com.obs.base.AutomationBase" name="@AfterMethod takeScreenShotOnFailure" time="-1.65780319988E9">
    <skipped/>
  </testcase> <!-- @AfterMethod takeScreenShotOnFailure -->
  <testcase classname="com.obs.tests.CafteriaLoginTest" name="@BeforeMethod setup" time="-1.657803199881E9">
    <skipped/>
  </testcase> <!-- @BeforeMethod setup -->
  <testcase classname="com.obs.tests.CafteriaLoginTest" name="@AfterMethod quitBrowser" time="-1.657803199884E9">
    <skipped/>
  </testcase> <!-- @AfterMethod quitBrowser -->
  <testcase classname="com.obs.base.AutomationBase" name="@AfterMethod takeScreenShotOnFailure" time="-1.657803199885E9">
    <skipped/>
  </testcase> <!-- @AfterMethod takeScreenShotOnFailure -->
  <testcase classname="com.obs.tests.CafteriaLoginTest" name="@BeforeMethod setup" time="-1.657803199886E9">
    <skipped/>
  </testcase> <!-- @BeforeMethod setup -->
  <testcase classname="com.obs.tests.CafteriaLoginTest" name="@AfterMethod quitBrowser" time="-1.657803199888E9">
    <skipped/>
  </testcase> <!-- @AfterMethod quitBrowser -->
  <testcase classname="com.obs.base.AutomationBase" name="@AfterMethod takeScreenShotOnFailure" time="-1.657803199889E9">
    <skipped/>
  </testcase> <!-- @AfterMethod takeScreenShotOnFailure -->
  <testcase classname="com.obs.tests.CafteriaLoginTest" name="@BeforeMethod setup" time="-1.65780319989E9">
    <skipped/>
  </testcase> <!-- @BeforeMethod setup -->
  <testcase classname="com.obs.tests.CafteriaLoginTest" name="@AfterMethod quitBrowser" time="-1.657803199892E9">
    <skipped/>
  </testcase> <!-- @AfterMethod quitBrowser -->
  <testcase classname="com.obs.base.AutomationBase" name="@AfterMethod takeScreenShotOnFailure" time="-1.657803199893E9">
    <skipped/>
  </testcase> <!-- @AfterMethod takeScreenShotOnFailure -->
  <testcase classname="com.obs.tests.CafteriaLoginTest" name="@BeforeMethod setup" time="-1.657803199894E9">
    <skipped/>
  </testcase> <!-- @BeforeMethod setup -->
  <testcase classname="com.obs.tests.CafteriaLoginTest" name="@AfterMethod quitBrowser" time="-1.657803199896E9">
    <skipped/>
  </testcase> <!-- @AfterMethod quitBrowser -->
  <testcase classname="com.obs.base.AutomationBase" name="@AfterMethod takeScreenShotOnFailure" time="-1.657803199897E9">
    <skipped/>
  </testcase> <!-- @AfterMethod takeScreenShotOnFailure -->
  <testcase classname="com.obs.tests.AddCategoryTest" name="openManageExpense" time="0.0">
    <skipped/>
  </testcase> <!-- openManageExpense -->
  <testcase classname="com.obs.tests.AddCategoryTest" name="clickExpenseCategory" time="0.0">
    <skipped/>
  </testcase> <!-- clickExpenseCategory -->
  <testcase classname="com.obs.tests.AddCategoryTest" name="addNewCategory" time="0.0">
    <skipped/>
  </testcase> <!-- addNewCategory -->
  <testcase classname="com.obs.tests.CafteriaHomepageTest" name="VerifyHomeLogoPresent" time="0.0">
    <skipped/>
  </testcase> <!-- VerifyHomeLogoPresent -->
  <testcase classname="com.obs.tests.CafteriaHomepageTest" name="verifyHomepageadminename" time="0.0">
    <skipped/>
  </testcase> <!-- verifyHomepageadminename -->
  <testcase classname="com.obs.tests.CafteriaHomepageTest" name="verifyHomepageadminImage" time="0.0">
    <skipped/>
  </testcase> <!-- verifyHomepageadminImage -->
  <testcase classname="com.obs.tests.CafteriaHomepageTest" name="verifyHomepageMainmenu" time="0.0">
    <skipped/>
  </testcase> <!-- verifyHomepageMainmenu -->
  <testcase classname="com.obs.tests.CafteriaHomepageTest" name="verifyHomepageHeading" time="0.0">
    <skipped/>
  </testcase> <!-- verifyHomepageHeading -->
  <testcase classname="com.obs.tests.CafteriaHomepageTest" name="verifyHomepageStore" time="0.0">
    <skipped/>
  </testcase> <!-- verifyHomepageStore -->
  <testcase classname="com.obs.tests.CafteriaHomepageTest" name="verifyProductLinkTest" time="0.0">
    <skipped/>
  </testcase> <!-- verifyProductLinkTest -->
  <testcase classname="com.obs.tests.CafteriaLoginTest" name="validateSuccessfulLogin" time="0.0">
    <skipped/>
  </testcase> <!-- validateSuccessfulLogin -->
  <testcase classname="com.obs.tests.CafteriaLoginTest" name="isLoginFieldsDisplayed" time="0.0">
    <skipped/>
  </testcase> <!-- isLoginFieldsDisplayed -->
  <testcase classname="com.obs.tests.CafteriaLoginTest" name="verifyCafetriaName" time="0.0">
    <skipped/>
  </testcase> <!-- verifyCafetriaName -->
  <testcase classname="com.obs.tests.CafteriaLoginTest" name="verifyUrl" time="0.0">
    <skipped/>
  </testcase> <!-- verifyUrl -->
  <testcase classname="com.obs.tests.CafteriaLoginTest" name="verifyTitle" time="0.0">
    <skipped/>
  </testcase> <!-- verifyTitle -->
  <testcase classname="com.obs.tests.CafteriaLoginTest" name="verifyLogoPresent" time="0.0">
    <skipped/>
  </testcase> <!-- verifyLogoPresent -->
  <testcase classname="com.obs.tests.CafteriaHomepageTest" name="verifyLogoutButtton" time="0.0">
    <ignored/>
  </testcase> <!-- verifyLogoutButtton -->
  <testcase classname="com.obs.tests.AddProductTest" name="Verifydeletetable" time="0.0">
    <ignored/>
  </testcase> <!-- Verifydeletetable -->
  <testcase classname="com.obs.tests.AddProductTest" name="verifyentries" time="0.0">
    <ignored/>
  </testcase> <!-- verifyentries -->
  <testcase classname="com.obs.tests.AddProductTest" name="Verifydeletebutton" time="0.0">
    <ignored/>
  </testcase> <!-- Verifydeletebutton -->
  <testcase classname="com.obs.tests.AddProductTest" name="Verifycsvbuttton" time="0.0">
    <ignored/>
  </testcase> <!-- Verifycsvbuttton -->
  <testcase classname="com.obs.tests.AddProductTest" name="verifyfilterbutton" time="0.0">
    <ignored/>
  </testcase> <!-- verifyfilterbutton -->
  <testcase classname="com.obs.tests.AddProductTest" name="Verifyviewproduct" time="0.0">
    <ignored/>
  </testcase> <!-- Verifyviewproduct -->
  <testcase classname="com.obs.tests.AddProductTest" name="verifyValidSearch" time="0.0">
    <ignored/>
  </testcase> <!-- verifyValidSearch -->
  <testcase classname="com.obs.tests.AddProductTest" name="verifyfieldsinProductmenu" time="0.0">
    <ignored/>
  </testcase> <!-- verifyfieldsinProductmenu -->
  <testcase classname="com.obs.tests.AddProductTest" name="verifyInvalidSearch" time="0.0">
    <ignored/>
  </testcase> <!-- verifyInvalidSearch -->
  <testcase classname="com.obs.tests.AddProductTest" name="Verifyaddproductbutton" time="0.0">
    <ignored/>
  </testcase> <!-- Verifyaddproductbutton -->
  <testcase classname="com.obs.tests.AddProductTest" name="Verifyeditproduct" time="0.0">
    <ignored/>
  </testcase> <!-- Verifyeditproduct -->
  <testcase classname="com.obs.tests.AddProductTest" name="Verifyprintbutton" time="0.0">
    <ignored/>
  </testcase> <!-- Verifyprintbutton -->
  <testcase classname="com.obs.tests.AddProductTest" name="Verifysendvalues" time="0.0">
    <ignored/>
  </testcase> <!-- Verifysendvalues -->
</testsuite> <!-- Default test -->
