<?xml version="1.0" encoding="UTF-8"?>
<!-- Generated by org.testng.reporters.JUnitReportReporter -->
<testsuite hostname="DESKTOP-VTBANGG" failures="0" tests="7" name="com.obs.tests.CafteriaLoginTest" time="-1657803264.000" errors="1" timestamp="2022-07-14T16:53:20 GST" skipped="6">
  <testcase classname="com.obs.tests.CafteriaLoginTest" name="setup" time="-1657803264.000">
    <error message="
Parameter &#039;browserType&#039; is required by BeforeMethod on method setup but has not been marked @Optional or defined
in C:\Users\HOME\AppData\Local\Temp\testng-eclipse--1664124065\testng-customsuite.xml" type="org.testng.TestNGException">
      <![CDATA[org.testng.TestNGException: 
Parameter 'browserType' is required by BeforeMethod on method setup but has not been marked @Optional or defined
in C:\Users\HOME\AppData\Local\Temp\testng-eclipse--1664124065\testng-customsuite.xml
at org.testng.internal.Parameters.createParams(Parameters.java:270)
at org.testng.internal.Parameters.createParametersForMethod(Parameters.java:358)
at org.testng.internal.Parameters.createParameters(Parameters.java:700)
at org.testng.internal.Parameters.createConfigurationParameters(Parameters.java:168)
at org.testng.internal.ConfigInvoker.invokeConfigurations(ConfigInvoker.java:302)
at org.testng.internal.TestInvoker.runConfigMethods(TestInvoker.java:700)
at org.testng.internal.TestInvoker.invokeMethod(TestInvoker.java:527)
at org.testng.internal.TestInvoker.invokeTestMethod(TestInvoker.java:173)
at org.testng.internal.MethodRunner.runInSequence(MethodRunner.java:46)
at org.testng.internal.TestInvoker$MethodInvocationAgent.invoke(TestInvoker.java:824)
at org.testng.internal.TestInvoker.invokeTestMethods(TestInvoker.java:146)
at org.testng.internal.TestMethodWorker.invokeTestMethods(TestMethodWorker.java:146)
at org.testng.internal.TestMethodWorker.run(TestMethodWorker.java:128)
at java.base/java.util.ArrayList.forEach(ArrayList.java:1511)
at org.testng.TestRunner.privateRun(TestRunner.java:794)
at org.testng.TestRunner.run(TestRunner.java:596)
at org.testng.SuiteRunner.runTest(SuiteRunner.java:377)
at org.testng.SuiteRunner.runSequentially(SuiteRunner.java:371)
at org.testng.SuiteRunner.privateRun(SuiteRunner.java:332)
at org.testng.SuiteRunner.run(SuiteRunner.java:276)
at org.testng.SuiteRunnerWorker.runSuite(SuiteRunnerWorker.java:53)
at org.testng.SuiteRunnerWorker.run(SuiteRunnerWorker.java:96)
at org.testng.TestNG.runSuitesSequentially(TestNG.java:1212)
at org.testng.TestNG.runSuitesLocally(TestNG.java:1134)
at org.testng.TestNG.runSuites(TestNG.java:1063)
at org.testng.TestNG.run(TestNG.java:1031)
at org.testng.remote.AbstractRemoteTestNG.run(AbstractRemoteTestNG.java:115)
at org.testng.remote.RemoteTestNG.initAndRun(RemoteTestNG.java:251)
at org.testng.remote.RemoteTestNG.main(RemoteTestNG.java:77)
]]>
    </error>
  </testcase> <!-- setup -->
  <system-out/>
  <testcase classname="com.obs.tests.CafteriaLoginTest" name="validateSuccessfulLogin" time="0.000">
    <skipped/>
  </testcase> <!-- validateSuccessfulLogin -->
  <system-out/>
  <testcase classname="com.obs.tests.CafteriaLoginTest" name="isLoginFieldsDisplayed" time="0.000">
    <skipped/>
  </testcase> <!-- isLoginFieldsDisplayed -->
  <system-out/>
  <testcase classname="com.obs.tests.CafteriaLoginTest" name="verifyCafetriaName" time="0.000">
    <skipped/>
  </testcase> <!-- verifyCafetriaName -->
  <system-out/>
  <testcase classname="com.obs.tests.CafteriaLoginTest" name="verifyUrl" time="0.000">
    <skipped/>
  </testcase> <!-- verifyUrl -->
  <system-out/>
  <testcase classname="com.obs.tests.CafteriaLoginTest" name="verifyTitle" time="0.000">
    <skipped/>
  </testcase> <!-- verifyTitle -->
  <system-out/>
  <testcase classname="com.obs.tests.CafteriaLoginTest" name="verifyLogoPresent" time="0.000">
    <skipped/>
  </testcase> <!-- verifyLogoPresent -->
  <system-out/>
</testsuite> <!-- com.obs.tests.CafteriaLoginTest -->
