<?xml version="1.0" encoding="UTF-8"?>
<!-- Generated by org.testng.reporters.JUnitXMLReporter -->
<testsuite ignored="0" hostname="DESKTOP-VTBANGG" failures="1" tests="6" name="Test2" time="0.16" errors="0" timestamp="2022-07-07T15:06:27 GST">
  <testcase classname="com.obs.tests.CafteriaLoginTest" name="@AfterMethod quitBrowser" time="0.0">
    <failure type="java.lang.NullPointerException" message="Cannot invoke &amp;quot;org.openqa.selenium.WebDriver.quit()&amp;quot; because &amp;quot;this.driver&amp;quot; is null">
      <![CDATA[java.lang.NullPointerException: Cannot invoke "org.openqa.selenium.WebDriver.quit()" because "this.driver" is null
at com.obs.tests.CafteriaLoginTest.quitBrowser(CafteriaLoginTest.java:86)
at java.base/java.util.ArrayList.forEach(ArrayList.java:1511)
at java.base/java.util.concurrent.FutureTask.run(FutureTask.java:264)
at java.base/java.util.concurrent.ThreadPoolExecutor.runWorker(ThreadPoolExecutor.java:1136)
at java.base/java.util.concurrent.ThreadPoolExecutor$Worker.run(ThreadPoolExecutor.java:635)
at java.base/java.lang.Thread.run(Thread.java:833)
... Removed 23 stack frames]]>
    </failure>
  </testcase> <!-- @AfterMethod quitBrowser -->
  <testcase classname="com.obs.tests.CafteriaLoginTest" name="@BeforeMethod setup" time="-1.657191986941E9">
    <skipped/>
  </testcase> <!-- @BeforeMethod setup -->
  <testcase classname="com.obs.tests.CafteriaLoginTest" name="@AfterMethod quitBrowser" time="-1.657191986949E9">
    <skipped/>
  </testcase> <!-- @AfterMethod quitBrowser -->
  <testcase classname="com.obs.tests.CafteriaLoginTest" name="@BeforeMethod setup" time="-1.657191986952E9">
    <skipped/>
  </testcase> <!-- @BeforeMethod setup -->
  <testcase classname="com.obs.tests.CafteriaLoginTest" name="@AfterMethod quitBrowser" time="-1.657191986959E9">
    <skipped/>
  </testcase> <!-- @AfterMethod quitBrowser -->
  <testcase classname="com.obs.tests.CafteriaLoginTest" name="@BeforeMethod setup" time="-1.657191986963E9">
    <skipped/>
  </testcase> <!-- @BeforeMethod setup -->
  <testcase classname="com.obs.tests.CafteriaLoginTest" name="@AfterMethod quitBrowser" time="-1.65719198697E9">
    <skipped/>
  </testcase> <!-- @AfterMethod quitBrowser -->
  <testcase classname="com.obs.tests.CafteriaLoginTest" name="@BeforeMethod setup" time="-1.657191986973E9">
    <skipped/>
  </testcase> <!-- @BeforeMethod setup -->
  <testcase classname="com.obs.tests.CafteriaLoginTest" name="@AfterMethod quitBrowser" time="-1.65719198698E9">
    <skipped/>
  </testcase> <!-- @AfterMethod quitBrowser -->
  <testcase classname="com.obs.tests.CafteriaLoginTest" name="@BeforeMethod setup" time="-1.657191986983E9">
    <skipped/>
  </testcase> <!-- @BeforeMethod setup -->
  <testcase classname="com.obs.tests.CafteriaLoginTest" name="@AfterMethod quitBrowser" time="-1.65719198699E9">
    <skipped/>
  </testcase> <!-- @AfterMethod quitBrowser -->
  <testcase classname="com.obs.tests.CafteriaLoginTest" name="validateSuccessfulLogin" time="0.005">
    <failure type="java.lang.NullPointerException" message="Cannot invoke &amp;quot;org.openqa.selenium.SearchContext.findElement(org.openqa.selenium.By)&amp;quot; because &amp;quot;this.searchContext&amp;quot; is null">
      <![CDATA[java.lang.NullPointerException: Cannot invoke "org.openqa.selenium.SearchContext.findElement(org.openqa.selenium.By)" because "this.searchContext" is null
at org.openqa.selenium.support.pagefactory.DefaultElementLocator.findElement(DefaultElementLocator.java:70)
at org.openqa.selenium.support.pagefactory.internal.LocatingElementHandler.invoke(LocatingElementHandler.java:39)
at jdk.proxy2/jdk.proxy2.$Proxy13.sendKeys(Unknown Source)
at com.obs.pages.CafteriaLoginPage.typeUsername(CafteriaLoginPage.java:65)
at com.obs.tests.CafteriaLoginTest.validateSuccessfulLogin(CafteriaLoginTest.java:38)
at java.base/java.util.ArrayList.forEach(ArrayList.java:1511)
at java.base/java.util.concurrent.FutureTask.run(FutureTask.java:264)
at java.base/java.util.concurrent.ThreadPoolExecutor.runWorker(ThreadPoolExecutor.java:1136)
at java.base/java.util.concurrent.ThreadPoolExecutor$Worker.run(ThreadPoolExecutor.java:635)
at java.base/java.lang.Thread.run(Thread.java:833)
... Removed 18 stack frames]]>
    </failure>
  </testcase> <!-- validateSuccessfulLogin -->
  <testcase classname="com.obs.tests.CafteriaLoginTest" name="isLoginFieldsDisplayed" time="0.0">
    <skipped/>
  </testcase> <!-- isLoginFieldsDisplayed -->
  <testcase classname="com.obs.tests.CafteriaLoginTest" name="verifyCafetriaName" time="0.0">
    <skipped/>
  </testcase> <!-- verifyCafetriaName -->
  <testcase classname="com.obs.tests.CafteriaLoginTest" name="verifyUrl" time="0.0">
    <skipped/>
  </testcase> <!-- verifyUrl -->
  <testcase classname="com.obs.tests.CafteriaLoginTest" name="verifyTitle" time="0.0">
    <skipped/>
  </testcase> <!-- verifyTitle -->
  <testcase classname="com.obs.tests.CafteriaLoginTest" name="verifyLogoPresent" time="0.0">
    <skipped/>
  </testcase> <!-- verifyLogoPresent -->
</testsuite> <!-- Test2 -->
